{"/home/raju/repositories/hlp-ukr/src/graphql/resolversMap.ts": {"path":"/home/raju/repositories/hlp-ukr/src/graphql/resolversMap.ts","statementMap":{"0":{"start":{"line":1,"column":0},"end":{"line":1,"column":31}},"1":{"start":{"line":2,"column":0},"end":{"line":2,"column":49}},"2":{"start":{"line":4,"column":20},"end":{"line":4,"column":36}},"3":{"start":{"line":5,"column":0},"end":{"line":5,"column":27}}},"fnMap":{},"branchMap":{},"s":{"0":1,"1":1,"2":1,"3":1},"f":{},"b":{}}
,"/home/raju/repositories/hlp-ukr/src/graphql/schemaMap.ts": {"path":"/home/raju/repositories/hlp-ukr/src/graphql/schemaMap.ts","statementMap":{"0":{"start":{"line":1,"column":0},"end":{"line":1,"column":29}},"1":{"start":{"line":2,"column":0},"end":{"line":2,"column":34}},"2":{"start":{"line":3,"column":0},"end":{"line":3,"column":61}},"3":{"start":{"line":4,"column":0},"end":{"line":4,"column":39}},"4":{"start":{"line":7,"column":23},"end":{"line":9,"column":19}},"5":{"start":{"line":11,"column":30},"end":{"line":14,"column":2}},"6":{"start":{"line":16,"column":0},"end":{"line":16,"column":22}}},"fnMap":{},"branchMap":{},"s":{"0":1,"1":1,"2":1,"3":1,"4":1,"5":1,"6":1},"f":{},"b":{}}
,"/home/raju/repositories/hlp-ukr/src/graphql/resolvers/resolver.ts": {"path":"/home/raju/repositories/hlp-ukr/src/graphql/resolvers/resolver.ts","statementMap":{"0":{"start":{"line":22,"column":13},"end":{"line":51,"column":2}}},"fnMap":{},"branchMap":{},"s":{"0":1},"f":{},"b":{}}
,"/home/raju/repositories/hlp-ukr/src/server/index.ts": {"path":"/home/raju/repositories/hlp-ukr/src/server/index.ts","statementMap":{"0":{"start":{"line":1,"column":0},"end":{"line":1,"column":30}},"1":{"start":{"line":2,"column":0},"end":{"line":2,"column":53}},"2":{"start":{"line":3,"column":0},"end":{"line":3,"column":42}},"3":{"start":{"line":5,"column":13},"end":{"line":5,"column":17}},"4":{"start":{"line":6,"column":20},"end":{"line":9,"column":2}},"5":{"start":{"line":11,"column":12},"end":{"line":11,"column":21}},"6":{"start":{"line":12,"column":15},"end":{"line":14,"column":2}},"7":{"start":{"line":16,"column":0},"end":{"line":23,"column":3}},"8":{"start":{"line":17,"column":2},"end":{"line":17,"column":52}},"9":{"start":{"line":18,"column":2},"end":{"line":22,"column":5}},"10":{"start":{"line":19,"column":4},"end":{"line":21,"column":6}},"11":{"start":{"line":25,"column":0},"end":{"line":25,"column":18}}},"fnMap":{"0":{"name":"(anonymous_1)","decl":{"start":{"line":16,"column":20},"end":{"line":16,"column":23}},"loc":{"start":{"line":16,"column":25},"end":{"line":23,"column":1}}},"1":{"name":"(anonymous_2)","decl":{"start":{"line":18,"column":19},"end":{"line":18,"column":22}},"loc":{"start":{"line":18,"column":24},"end":{"line":22,"column":3}}}},"branchMap":{},"s":{"0":1,"1":1,"2":1,"3":1,"4":1,"5":1,"6":1,"7":1,"8":1,"9":1,"10":1,"11":1},"f":{"0":1,"1":1},"b":{}}
,"/home/raju/repositories/hlp-ukr/src/ui/App.tsx": {"path":"/home/raju/repositories/hlp-ukr/src/ui/App.tsx","statementMap":{"0":{"start":{"line":1,"column":0},"end":{"line":1,"column":45}},"1":{"start":{"line":2,"column":0},"end":{"line":2,"column":74}},"2":{"start":{"line":3,"column":0},"end":{"line":3,"column":57}},"3":{"start":{"line":4,"column":0},"end":{"line":4,"column":43}},"4":{"start":{"line":5,"column":0},"end":{"line":5,"column":45}},"5":{"start":{"line":7,"column":16},"end":{"line":25,"column":1}},"6":{"start":{"line":8,"column":2},"end":{"line":12,"column":9}},"7":{"start":{"line":9,"column":4},"end":{"line":11,"column":null}},"8":{"start":{"line":10,"column":6},"end":{"line":10,"column":41}},"9":{"start":{"line":14,"column":2},"end":{"line":24,"column":4}},"10":{"start":{"line":27,"column":0},"end":{"line":27,"column":19}}},"fnMap":{"0":{"name":"(anonymous_7)","decl":{"start":{"line":7,"column":16},"end":{"line":7,"column":19}},"loc":{"start":{"line":7,"column":21},"end":{"line":25,"column":1}}},"1":{"name":"(anonymous_8)","decl":{"start":{"line":8,"column":12},"end":{"line":8,"column":15}},"loc":{"start":{"line":8,"column":17},"end":{"line":12,"column":3}}}},"branchMap":{"0":{"loc":{"start":{"line":9,"column":4},"end":{"line":11,"column":null}},"type":"if","locations":[{"start":{"line":9,"column":4},"end":{"line":11,"column":null}}]}},"s":{"0":1,"1":1,"2":1,"3":1,"4":1,"5":1,"6":1,"7":1,"8":1,"9":1,"10":1},"f":{"0":1,"1":1},"b":{"0":[1]}}
,"/home/raju/repositories/hlp-ukr/src/ui/api/createOrder.ts": {"path":"/home/raju/repositories/hlp-ukr/src/ui/api/createOrder.ts","statementMap":{"0":{"start":{"line":1,"column":0},"end":{"line":1,"column":37}},"1":{"start":{"line":3,"column":0},"end":{"line":10,"column":2}}},"fnMap":{},"branchMap":{},"s":{"0":1,"1":1},"f":{},"b":{}}
,"/home/raju/repositories/hlp-ukr/src/ui/api/fetchStock.ts": {"path":"/home/raju/repositories/hlp-ukr/src/ui/api/fetchStock.ts","statementMap":{"0":{"start":{"line":1,"column":0},"end":{"line":1,"column":37}},"1":{"start":{"line":3,"column":0},"end":{"line":10,"column":2}}},"fnMap":{},"branchMap":{},"s":{"0":1,"1":1},"f":{},"b":{}}
,"/home/raju/repositories/hlp-ukr/src/ui/components/mulecules/AppDrawer.tsx": {"path":"/home/raju/repositories/hlp-ukr/src/ui/components/mulecules/AppDrawer.tsx","statementMap":{"0":{"start":{"line":3,"column":0},"end":{"line":3,"column":31}},"1":{"start":{"line":4,"column":0},"end":{"line":4,"column":74}},"2":{"start":{"line":5,"column":0},"end":{"line":5,"column":36}},"3":{"start":{"line":6,"column":0},"end":{"line":6,"column":45}},"4":{"start":{"line":7,"column":0},"end":{"line":7,"column":80}},"5":{"start":{"line":8,"column":0},"end":{"line":8,"column":44}},"6":{"start":{"line":9,"column":0},"end":{"line":9,"column":38}},"7":{"start":{"line":10,"column":0},"end":{"line":10,"column":52}},"8":{"start":{"line":11,"column":0},"end":{"line":11,"column":50}},"9":{"start":{"line":12,"column":0},"end":{"line":12,"column":44}},"10":{"start":{"line":13,"column":0},"end":{"line":13,"column":50}},"11":{"start":{"line":14,"column":0},"end":{"line":14,"column":48}},"12":{"start":{"line":15,"column":0},"end":{"line":15,"column":62}},"13":{"start":{"line":17,"column":0},"end":{"line":17,"column":46}},"14":{"start":{"line":18,"column":0},"end":{"line":18,"column":54}},"15":{"start":{"line":19,"column":0},"end":{"line":19,"column":54}},"16":{"start":{"line":20,"column":0},"end":{"line":20,"column":68}},"17":{"start":{"line":22,"column":0},"end":{"line":22,"column":48}},"18":{"start":{"line":23,"column":0},"end":{"line":23,"column":40}},"19":{"start":{"line":25,"column":20},"end":{"line":25,"column":23}},"20":{"start":{"line":27,"column":20},"end":{"line":34,"column":2}},"21":{"start":{"line":27,"column":50},"end":{"line":34,"column":2}},"22":{"start":{"line":36,"column":20},"end":{"line":46,"column":2}},"23":{"start":{"line":36,"column":50},"end":{"line":46,"column":2}},"24":{"start":{"line":48,"column":21},"end":{"line":55,"column":3}},"25":{"start":{"line":48,"column":50},"end":{"line":54,"column":null}},"26":{"start":{"line":61,"column":15},"end":{"line":77,"column":3}},"27":{"start":{"line":62,"column":31},"end":{"line":62,"column":46}},"28":{"start":{"line":63,"column":37},"end":{"line":76,"column":null}},"29":{"start":{"line":79,"column":15},"end":{"line":94,"column":3}},"30":{"start":{"line":80,"column":31},"end":{"line":80,"column":46}},"31":{"start":{"line":81,"column":24},"end":{"line":93,"column":null}},"32":{"start":{"line":101,"column":16},"end":{"line":101,"column":26}},"33":{"start":{"line":102,"column":26},"end":{"line":102,"column":47}},"34":{"start":{"line":104,"column":29},"end":{"line":106,"column":3}},"35":{"start":{"line":105,"column":4},"end":{"line":105,"column":19}},"36":{"start":{"line":108,"column":2},"end":{"line":170,"column":4}},"37":{"start":{"line":100,"column":0},"end":{"line":100,"column":24}}},"fnMap":{"0":{"name":"(anonymous_7)","decl":{"start":{"line":27,"column":20},"end":{"line":27,"column":21}},"loc":{"start":{"line":27,"column":50},"end":{"line":34,"column":2}}},"1":{"name":"(anonymous_8)","decl":{"start":{"line":36,"column":20},"end":{"line":36,"column":21}},"loc":{"start":{"line":36,"column":50},"end":{"line":46,"column":2}}},"2":{"name":"(anonymous_9)","decl":{"start":{"line":48,"column":35},"end":{"line":48,"column":36}},"loc":{"start":{"line":48,"column":50},"end":{"line":54,"column":null}}},"3":{"name":"(anonymous_10)","decl":{"start":{"line":62,"column":21},"end":{"line":62,"column":22}},"loc":{"start":{"line":62,"column":31},"end":{"line":62,"column":46}}},"4":{"name":"(anonymous_11)","decl":{"start":{"line":63,"column":16},"end":{"line":63,"column":17}},"loc":{"start":{"line":63,"column":37},"end":{"line":76,"column":null}}},"5":{"name":"(anonymous_12)","decl":{"start":{"line":80,"column":21},"end":{"line":80,"column":22}},"loc":{"start":{"line":80,"column":31},"end":{"line":80,"column":46}}},"6":{"name":"(anonymous_13)","decl":{"start":{"line":81,"column":3},"end":{"line":81,"column":4}},"loc":{"start":{"line":81,"column":24},"end":{"line":93,"column":null}}},"7":{"name":"AppDrawer","decl":{"start":{"line":100,"column":24},"end":{"line":100,"column":33}},"loc":{"start":{"line":100,"column":62},"end":{"line":171,"column":1}}},"8":{"name":"(anonymous_15)","decl":{"start":{"line":104,"column":29},"end":{"line":104,"column":32}},"loc":{"start":{"line":104,"column":34},"end":{"line":106,"column":3}}}},"branchMap":{"0":{"loc":{"start":{"line":69,"column":6},"end":{"line":76,"column":4}},"type":"binary-expr","locations":[{"start":{"line":69,"column":6},"end":{"line":69,"column":10}},{"start":{"line":69,"column":14},"end":{"line":76,"column":4}}]},"1":{"loc":{"start":{"line":86,"column":6},"end":{"line":88,"column":null}},"type":"binary-expr","locations":[{"start":{"line":86,"column":6},"end":{"line":86,"column":10}},{"start":{"line":86,"column":10},"end":{"line":88,"column":null}}]},"2":{"loc":{"start":{"line":90,"column":6},"end":{"line":92,"column":null}},"type":"binary-expr","locations":[{"start":{"line":90,"column":6},"end":{"line":90,"column":11}},{"start":{"line":90,"column":11},"end":{"line":92,"column":null}}]},"3":{"loc":{"start":{"line":121,"column":18},"end":{"line":121,"column":45}},"type":"binary-expr","locations":[{"start":{"line":121,"column":18},"end":{"line":121,"column":22}},{"start":{"line":121,"column":26},"end":{"line":121,"column":45}}]}},"s":{"0":2,"1":2,"2":2,"3":2,"4":2,"5":2,"6":2,"7":2,"8":2,"9":2,"10":2,"11":2,"12":2,"13":2,"14":2,"15":2,"16":2,"17":2,"18":2,"19":2,"20":2,"21":2,"22":2,"23":2,"24":2,"25":4,"26":2,"27":8,"28":2,"29":2,"30":8,"31":2,"32":2,"33":2,"34":2,"35":1,"36":2,"37":2},"f":{"0":2,"1":2,"2":4,"3":8,"4":2,"5":8,"6":2,"7":2,"8":1},"b":{"0":[2,1],"1":[2,1],"2":[2,1],"3":[2,1]}}
,"/home/raju/repositories/hlp-ukr/src/ui/components/pages/Home.tsx": {"path":"/home/raju/repositories/hlp-ukr/src/ui/components/pages/Home.tsx","statementMap":{"0":{"start":{"line":1,"column":0},"end":{"line":1,"column":50}},"1":{"start":{"line":2,"column":0},"end":{"line":2,"column":26}},"2":{"start":{"line":4,"column":13},"end":{"line":8,"column":null}},"3":{"start":{"line":5,"column":2},"end":{"line":7,"column":null}},"4":{"start":{"line":11,"column":0},"end":{"line":11,"column":20}}},"fnMap":{"0":{"name":"(anonymous_1)","decl":{"start":{"line":4,"column":13},"end":{"line":4,"column":29}},"loc":{"start":{"line":5,"column":2},"end":{"line":7,"column":null}}}},"branchMap":{},"s":{"0":1,"1":1,"2":1,"3":0,"4":1},"f":{"0":0},"b":{}}
,"/home/raju/repositories/hlp-ukr/src/ui/components/pages/Order.tsx": {"path":"/home/raju/repositories/hlp-ukr/src/ui/components/pages/Order.tsx","statementMap":{"0":{"start":{"line":1,"column":0},"end":{"line":1,"column":49}},"1":{"start":{"line":2,"column":0},"end":{"line":2,"column":50}},"2":{"start":{"line":3,"column":0},"end":{"line":3,"column":48}},"3":{"start":{"line":4,"column":0},"end":{"line":4,"column":70}},"4":{"start":{"line":5,"column":0},"end":{"line":5,"column":53}},"5":{"start":{"line":6,"column":0},"end":{"line":6,"column":65}},"6":{"start":{"line":7,"column":0},"end":{"line":7,"column":36}},"7":{"start":{"line":8,"column":0},"end":{"line":8,"column":48}},"8":{"start":{"line":9,"column":0},"end":{"line":9,"column":42}},"9":{"start":{"line":10,"column":0},"end":{"line":10,"column":42}},"10":{"start":{"line":11,"column":0},"end":{"line":11,"column":58}},"11":{"start":{"line":12,"column":0},"end":{"line":12,"column":50}},"12":{"start":{"line":13,"column":0},"end":{"line":13,"column":62}},"13":{"start":{"line":14,"column":0},"end":{"line":14,"column":42}},"14":{"start":{"line":15,"column":0},"end":{"line":15,"column":46}},"15":{"start":{"line":17,"column":0},"end":{"line":17,"column":55}},"16":{"start":{"line":18,"column":0},"end":{"line":18,"column":48}},"17":{"start":{"line":20,"column":14},"end":{"line":220,"column":1}},"18":{"start":{"line":21,"column":42},"end":{"line":21,"column":54}},"19":{"start":{"line":22,"column":36},"end":{"line":22,"column":75}},"20":{"start":{"line":23,"column":48},"end":{"line":25,"column":6}},"21":{"start":{"line":26,"column":48},"end":{"line":28,"column":6}},"22":{"start":{"line":30,"column":33},"end":{"line":35,"column":3}},"23":{"start":{"line":34,"column":4},"end":{"line":34,"column":33}},"24":{"start":{"line":37,"column":32},"end":{"line":43,"column":3}},"25":{"start":{"line":40,"column":4},"end":{"line":42,"column":6}},"26":{"start":{"line":45,"column":27},"end":{"line":51,"column":3}},"27":{"start":{"line":46,"column":4},"end":{"line":50,"column":null}},"28":{"start":{"line":47,"column":6},"end":{"line":47,"column":28}},"29":{"start":{"line":48,"column":11},"end":{"line":50,"column":null}},"30":{"start":{"line":49,"column":6},"end":{"line":49,"column":44}},"31":{"start":{"line":53,"column":33},"end":{"line":58,"column":3}},"32":{"start":{"line":57,"column":4},"end":{"line":57,"column":33}},"33":{"start":{"line":60,"column":32},"end":{"line":66,"column":3}},"34":{"start":{"line":63,"column":4},"end":{"line":65,"column":6}},"35":{"start":{"line":68,"column":27},"end":{"line":74,"column":3}},"36":{"start":{"line":69,"column":4},"end":{"line":73,"column":null}},"37":{"start":{"line":70,"column":6},"end":{"line":70,"column":28}},"38":{"start":{"line":71,"column":11},"end":{"line":73,"column":null}},"39":{"start":{"line":72,"column":6},"end":{"line":72,"column":45}},"40":{"start":{"line":76,"column":22},"end":{"line":82,"column":17}},"41":{"start":{"line":77,"column":4},"end":{"line":81,"column":null}},"42":{"start":{"line":78,"column":29},"end":{"line":78,"column":76}},"43":{"start":{"line":79,"column":31},"end":{"line":79,"column":78}},"44":{"start":{"line":80,"column":6},"end":{"line":80,"column":30}},"45":{"start":{"line":84,"column":29},"end":{"line":91,"column":null}},"46":{"start":{"line":86,"column":6},"end":{"line":90,"column":38}},"47":{"start":{"line":94,"column":35},"end":{"line":98,"column":4}},"48":{"start":{"line":107,"column":6},"end":{"line":118,"column":4}},"49":{"start":{"line":120,"column":22},"end":{"line":122,"column":3}},"50":{"start":{"line":121,"column":4},"end":{"line":121,"column":26}},"51":{"start":{"line":124,"column":2},"end":{"line":130,"column":null}},"52":{"start":{"line":125,"column":4},"end":{"line":129,"column":6}},"53":{"start":{"line":131,"column":2},"end":{"line":133,"column":null}},"54":{"start":{"line":132,"column":4},"end":{"line":132,"column":70}},"55":{"start":{"line":135,"column":2},"end":{"line":219,"column":4}},"56":{"start":{"line":147,"column":16},"end":{"line":147,"column":39}},"57":{"start":{"line":150,"column":16},"end":{"line":156,"column":null}},"58":{"start":{"line":209,"column":31},"end":{"line":209,"column":null}},"59":{"start":{"line":222,"column":0},"end":{"line":222,"column":21}}},"fnMap":{"0":{"name":"(anonymous_7)","decl":{"start":{"line":20,"column":14},"end":{"line":20,"column":30}},"loc":{"start":{"line":20,"column":32},"end":{"line":220,"column":1}}},"1":{"name":"(anonymous_8)","decl":{"start":{"line":30,"column":33},"end":{"line":30,"column":null}},"loc":{"start":{"line":33,"column":6},"end":{"line":35,"column":3}}},"2":{"name":"(anonymous_9)","decl":{"start":{"line":37,"column":32},"end":{"line":37,"column":null}},"loc":{"start":{"line":39,"column":6},"end":{"line":43,"column":3}}},"3":{"name":"(anonymous_10)","decl":{"start":{"line":45,"column":27},"end":{"line":45,"column":30}},"loc":{"start":{"line":45,"column":32},"end":{"line":51,"column":3}}},"4":{"name":"(anonymous_11)","decl":{"start":{"line":53,"column":33},"end":{"line":53,"column":null}},"loc":{"start":{"line":56,"column":6},"end":{"line":58,"column":3}}},"5":{"name":"(anonymous_12)","decl":{"start":{"line":60,"column":32},"end":{"line":60,"column":null}},"loc":{"start":{"line":62,"column":6},"end":{"line":66,"column":3}}},"6":{"name":"(anonymous_13)","decl":{"start":{"line":68,"column":27},"end":{"line":68,"column":30}},"loc":{"start":{"line":68,"column":32},"end":{"line":74,"column":3}}},"7":{"name":"(anonymous_14)","decl":{"start":{"line":76,"column":30},"end":{"line":76,"column":33}},"loc":{"start":{"line":76,"column":35},"end":{"line":82,"column":3}}},"8":{"name":"(anonymous_15)","decl":{"start":{"line":85,"column":4},"end":{"line":85,"column":7}},"loc":{"start":{"line":86,"column":6},"end":{"line":90,"column":38}}},"9":{"name":"(anonymous_16)","decl":{"start":{"line":120,"column":22},"end":{"line":120,"column":25}},"loc":{"start":{"line":120,"column":27},"end":{"line":122,"column":3}}},"10":{"name":"(anonymous_17)","decl":{"start":{"line":146,"column":24},"end":{"line":146,"column":25}},"loc":{"start":{"line":146,"column":37},"end":{"line":148,"column":15}}},"11":{"name":"(anonymous_18)","decl":{"start":{"line":149,"column":27},"end":{"line":149,"column":28}},"loc":{"start":{"line":150,"column":16},"end":{"line":156,"column":null}}},"12":{"name":"(anonymous_19)","decl":{"start":{"line":209,"column":24},"end":{"line":209,"column":25}},"loc":{"start":{"line":209,"column":30},"end":{"line":209,"column":null}}}},"branchMap":{"0":{"loc":{"start":{"line":41,"column":6},"end":{"line":41,"column":65}},"type":"cond-expr","locations":[{"start":{"line":41,"column":34},"end":{"line":41,"column":36}},{"start":{"line":41,"column":39},"end":{"line":41,"column":65}}]},"1":{"loc":{"start":{"line":46,"column":4},"end":{"line":50,"column":null}},"type":"if","locations":[{"start":{"line":46,"column":4},"end":{"line":50,"column":null}},{"start":{"line":48,"column":11},"end":{"line":50,"column":null}}]},"2":{"loc":{"start":{"line":48,"column":11},"end":{"line":50,"column":null}},"type":"if","locations":[{"start":{"line":48,"column":11},"end":{"line":50,"column":null}}]},"3":{"loc":{"start":{"line":48,"column":33},"end":{"line":48,"column":50}},"type":"cond-expr","locations":[{"start":{"line":48,"column":44},"end":{"line":48,"column":46}},{"start":{"line":48,"column":44},"end":{"line":48,"column":50}}]},"4":{"loc":{"start":{"line":48,"column":33},"end":{"line":48,"column":46}},"type":"binary-expr","locations":[{"start":{"line":48,"column":33},"end":{"line":48,"column":46}},{"start":{"line":48,"column":44},"end":{"line":48,"column":46}}]},"5":{"loc":{"start":{"line":48,"column":33},"end":{"line":48,"column":44}},"type":"cond-expr","locations":[{"start":{"line":48,"column":37},"end":{"line":48,"column":39}},{"start":{"line":48,"column":33},"end":{"line":48,"column":44}}]},"6":{"loc":{"start":{"line":48,"column":33},"end":{"line":48,"column":39}},"type":"binary-expr","locations":[{"start":{"line":48,"column":33},"end":{"line":48,"column":39}},{"start":{"line":48,"column":33},"end":{"line":48,"column":39}}]},"7":{"loc":{"start":{"line":49,"column":25},"end":{"line":49,"column":42}},"type":"cond-expr","locations":[{"start":{"line":49,"column":36},"end":{"line":49,"column":38}},{"start":{"line":49,"column":36},"end":{"line":49,"column":42}}]},"8":{"loc":{"start":{"line":49,"column":25},"end":{"line":49,"column":38}},"type":"binary-expr","locations":[{"start":{"line":49,"column":25},"end":{"line":49,"column":38}},{"start":{"line":49,"column":36},"end":{"line":49,"column":38}}]},"9":{"loc":{"start":{"line":49,"column":25},"end":{"line":49,"column":36}},"type":"cond-expr","locations":[{"start":{"line":49,"column":29},"end":{"line":49,"column":31}},{"start":{"line":49,"column":25},"end":{"line":49,"column":36}}]},"10":{"loc":{"start":{"line":49,"column":25},"end":{"line":49,"column":31}},"type":"binary-expr","locations":[{"start":{"line":49,"column":25},"end":{"line":49,"column":31}},{"start":{"line":49,"column":25},"end":{"line":49,"column":31}}]},"11":{"loc":{"start":{"line":64,"column":6},"end":{"line":64,"column":65}},"type":"cond-expr","locations":[{"start":{"line":64,"column":34},"end":{"line":64,"column":36}},{"start":{"line":64,"column":39},"end":{"line":64,"column":65}}]},"12":{"loc":{"start":{"line":69,"column":4},"end":{"line":73,"column":null}},"type":"if","locations":[{"start":{"line":69,"column":4},"end":{"line":73,"column":null}},{"start":{"line":71,"column":11},"end":{"line":73,"column":null}}]},"13":{"loc":{"start":{"line":71,"column":11},"end":{"line":73,"column":null}},"type":"if","locations":[{"start":{"line":71,"column":11},"end":{"line":73,"column":null}}]},"14":{"loc":{"start":{"line":71,"column":33},"end":{"line":71,"column":51}},"type":"cond-expr","locations":[{"start":{"line":71,"column":44},"end":{"line":71,"column":46}},{"start":{"line":71,"column":44},"end":{"line":71,"column":51}}]},"15":{"loc":{"start":{"line":71,"column":33},"end":{"line":71,"column":46}},"type":"binary-expr","locations":[{"start":{"line":71,"column":33},"end":{"line":71,"column":46}},{"start":{"line":71,"column":44},"end":{"line":71,"column":46}}]},"16":{"loc":{"start":{"line":71,"column":33},"end":{"line":71,"column":44}},"type":"cond-expr","locations":[{"start":{"line":71,"column":37},"end":{"line":71,"column":39}},{"start":{"line":71,"column":33},"end":{"line":71,"column":44}}]},"17":{"loc":{"start":{"line":71,"column":33},"end":{"line":71,"column":39}},"type":"binary-expr","locations":[{"start":{"line":71,"column":33},"end":{"line":71,"column":39}},{"start":{"line":71,"column":33},"end":{"line":71,"column":39}}]},"18":{"loc":{"start":{"line":72,"column":25},"end":{"line":72,"column":43}},"type":"cond-expr","locations":[{"start":{"line":72,"column":36},"end":{"line":72,"column":38}},{"start":{"line":72,"column":36},"end":{"line":72,"column":43}}]},"19":{"loc":{"start":{"line":72,"column":25},"end":{"line":72,"column":38}},"type":"binary-expr","locations":[{"start":{"line":72,"column":25},"end":{"line":72,"column":38}},{"start":{"line":72,"column":36},"end":{"line":72,"column":38}}]},"20":{"loc":{"start":{"line":72,"column":25},"end":{"line":72,"column":36}},"type":"cond-expr","locations":[{"start":{"line":72,"column":29},"end":{"line":72,"column":31}},{"start":{"line":72,"column":25},"end":{"line":72,"column":36}}]},"21":{"loc":{"start":{"line":72,"column":25},"end":{"line":72,"column":31}},"type":"binary-expr","locations":[{"start":{"line":72,"column":25},"end":{"line":72,"column":31}},{"start":{"line":72,"column":25},"end":{"line":72,"column":31}}]},"22":{"loc":{"start":{"line":77,"column":4},"end":{"line":81,"column":null}},"type":"if","locations":[{"start":{"line":77,"column":4},"end":{"line":81,"column":null}}]},"23":{"loc":{"start":{"line":77,"column":8},"end":{"line":77,"column":36}},"type":"binary-expr","locations":[{"start":{"line":77,"column":8},"end":{"line":77,"column":20}},{"start":{"line":77,"column":24},"end":{"line":77,"column":36}}]},"24":{"loc":{"start":{"line":86,"column":6},"end":{"line":90,"column":38}},"type":"cond-expr","locations":[{"start":{"line":87,"column":10},"end":{"line":89,"column":14}},{"start":{"line":90,"column":10},"end":{"line":90,"column":38}}]},"25":{"loc":{"start":{"line":86,"column":6},"end":{"line":86,"column":34}},"type":"binary-expr","locations":[{"start":{"line":86,"column":6},"end":{"line":86,"column":18}},{"start":{"line":86,"column":22},"end":{"line":86,"column":34}}]},"26":{"loc":{"start":{"line":96,"column":18},"end":{"line":96,"column":34}},"type":"cond-expr","locations":[{"start":{"line":96,"column":18},"end":{"line":96,"column":29}},{"start":{"line":96,"column":33},"end":{"line":96,"column":34}}]},"27":{"loc":{"start":{"line":96,"column":18},"end":{"line":96,"column":33}},"type":"binary-expr","locations":[{"start":{"line":96,"column":18},"end":{"line":96,"column":33}},{"start":{"line":96,"column":18},"end":{"line":96,"column":33}}]},"28":{"loc":{"start":{"line":109,"column":18},"end":{"line":109,"column":34}},"type":"cond-expr","locations":[{"start":{"line":109,"column":18},"end":{"line":109,"column":29}},{"start":{"line":109,"column":33},"end":{"line":109,"column":34}}]},"29":{"loc":{"start":{"line":109,"column":18},"end":{"line":109,"column":33}},"type":"binary-expr","locations":[{"start":{"line":109,"column":18},"end":{"line":109,"column":33}},{"start":{"line":109,"column":18},"end":{"line":109,"column":33}}]},"30":{"loc":{"start":{"line":124,"column":2},"end":{"line":130,"column":null}},"type":"if","locations":[{"start":{"line":124,"column":2},"end":{"line":130,"column":null}}]},"31":{"loc":{"start":{"line":131,"column":2},"end":{"line":133,"column":null}},"type":"if","locations":[{"start":{"line":131,"column":2},"end":{"line":133,"column":null}}]},"32":{"loc":{"start":{"line":166,"column":21},"end":{"line":166,"column":78}},"type":"cond-expr","locations":[{"start":{"line":166,"column":59},"end":{"line":166,"column":74}},{"start":{"line":166,"column":77},"end":{"line":166,"column":78}}]},"33":{"loc":{"start":{"line":170,"column":19},"end":{"line":170,"column":36}},"type":"cond-expr","locations":[{"start":{"line":170,"column":30},"end":{"line":170,"column":32}},{"start":{"line":170,"column":30},"end":{"line":170,"column":36}}]},"34":{"loc":{"start":{"line":170,"column":19},"end":{"line":170,"column":32}},"type":"binary-expr","locations":[{"start":{"line":170,"column":19},"end":{"line":170,"column":32}},{"start":{"line":170,"column":30},"end":{"line":170,"column":32}}]},"35":{"loc":{"start":{"line":170,"column":19},"end":{"line":170,"column":30}},"type":"cond-expr","locations":[{"start":{"line":170,"column":23},"end":{"line":170,"column":25}},{"start":{"line":170,"column":19},"end":{"line":170,"column":30}}]},"36":{"loc":{"start":{"line":170,"column":19},"end":{"line":170,"column":25}},"type":"binary-expr","locations":[{"start":{"line":170,"column":19},"end":{"line":170,"column":25}},{"start":{"line":170,"column":19},"end":{"line":170,"column":25}}]},"37":{"loc":{"start":{"line":187,"column":21},"end":{"line":187,"column":78}},"type":"cond-expr","locations":[{"start":{"line":187,"column":59},"end":{"line":187,"column":74}},{"start":{"line":187,"column":77},"end":{"line":187,"column":78}}]},"38":{"loc":{"start":{"line":191,"column":19},"end":{"line":191,"column":37}},"type":"cond-expr","locations":[{"start":{"line":191,"column":30},"end":{"line":191,"column":32}},{"start":{"line":191,"column":30},"end":{"line":191,"column":37}}]},"39":{"loc":{"start":{"line":191,"column":19},"end":{"line":191,"column":32}},"type":"binary-expr","locations":[{"start":{"line":191,"column":19},"end":{"line":191,"column":32}},{"start":{"line":191,"column":30},"end":{"line":191,"column":32}}]},"40":{"loc":{"start":{"line":191,"column":19},"end":{"line":191,"column":30}},"type":"cond-expr","locations":[{"start":{"line":191,"column":23},"end":{"line":191,"column":25}},{"start":{"line":191,"column":19},"end":{"line":191,"column":30}}]},"41":{"loc":{"start":{"line":191,"column":19},"end":{"line":191,"column":25}},"type":"binary-expr","locations":[{"start":{"line":191,"column":19},"end":{"line":191,"column":25}},{"start":{"line":191,"column":19},"end":{"line":191,"column":25}}]},"42":{"loc":{"start":{"line":209,"column":47},"end":{"line":209,"column":63}},"type":"cond-expr","locations":[{"start":{"line":209,"column":56},"end":{"line":209,"column":58}},{"start":{"line":209,"column":56},"end":{"line":209,"column":63}}]},"43":{"loc":{"start":{"line":209,"column":47},"end":{"line":209,"column":58}},"type":"binary-expr","locations":[{"start":{"line":209,"column":47},"end":{"line":209,"column":58}},{"start":{"line":209,"column":56},"end":{"line":209,"column":58}}]},"44":{"loc":{"start":{"line":209,"column":47},"end":{"line":209,"column":56}},"type":"cond-expr","locations":[{"start":{"line":209,"column":48},"end":{"line":209,"column":50}},{"start":{"line":209,"column":47},"end":{"line":209,"column":56}}]},"45":{"loc":{"start":{"line":209,"column":47},"end":{"line":209,"column":50}},"type":"binary-expr","locations":[{"start":{"line":209,"column":47},"end":{"line":209,"column":50}},{"start":{"line":209,"column":47},"end":{"line":209,"column":50}}]}},"s":{"0":1,"1":1,"2":1,"3":1,"4":1,"5":1,"6":1,"7":1,"8":1,"9":1,"10":1,"11":1,"12":1,"13":1,"14":1,"15":1,"16":1,"17":1,"18":0,"19":0,"20":0,"21":0,"22":0,"23":0,"24":0,"25":0,"26":0,"27":0,"28":0,"29":0,"30":0,"31":0,"32":0,"33":0,"34":0,"35":0,"36":0,"37":0,"38":0,"39":0,"40":0,"41":0,"42":0,"43":0,"44":0,"45":0,"46":0,"47":0,"48":0,"49":0,"50":0,"51":0,"52":0,"53":0,"54":0,"55":0,"56":0,"57":0,"58":0,"59":1},"f":{"0":0,"1":0,"2":0,"3":0,"4":0,"5":0,"6":0,"7":0,"8":0,"9":0,"10":0,"11":0,"12":0},"b":{"0":[0,0],"1":[0,0],"2":[0],"3":[0,0],"4":[0,0],"5":[0,0],"6":[0,0],"7":[0,0],"8":[0,0],"9":[0,0],"10":[0,0],"11":[0,0],"12":[0,0],"13":[0],"14":[0,0],"15":[0,0],"16":[0,0],"17":[0,0],"18":[0,0],"19":[0,0],"20":[0,0],"21":[0,0],"22":[0],"23":[0,0],"24":[0,0],"25":[0,0],"26":[0,0],"27":[0,0],"28":[0,0],"29":[0,0],"30":[0],"31":[0],"32":[0,0],"33":[0,0],"34":[0,0],"35":[0,0],"36":[0,0],"37":[0,0],"38":[0,0],"39":[0,0],"40":[0,0],"41":[0,0],"42":[0,0],"43":[0,0],"44":[0,0],"45":[0,0]}}
}
