TN:
SF:src/graphql/resolversMap.ts
FNF:0
FNH:0
DA:1,1
DA:2,1
DA:4,1
DA:5,1
LF:4
LH:4
BRF:0
BRH:0
end_of_record
TN:
SF:src/graphql/schemaMap.ts
FNF:0
FNH:0
DA:1,1
DA:2,1
DA:3,1
DA:4,1
DA:7,1
DA:11,1
DA:16,1
LF:7
LH:7
BRF:0
BRH:0
end_of_record
TN:
SF:src/graphql/resolvers/resolver.ts
FNF:0
FNH:0
DA:22,1
LF:1
LH:1
BRF:0
BRH:0
end_of_record
TN:
SF:src/server/index.ts
FN:16,(anonymous_1)
FN:18,(anonymous_2)
FNF:2
FNH:2
FNDA:1,(anonymous_1)
FNDA:1,(anonymous_2)
DA:1,1
DA:2,1
DA:3,1
DA:5,1
DA:6,1
DA:11,1
DA:12,1
DA:16,1
DA:17,1
DA:18,1
DA:19,1
DA:25,1
LF:12
LH:12
BRF:0
BRH:0
end_of_record
TN:
SF:src/ui/App.tsx
FN:7,(anonymous_1)
FNF:1
FNH:1
FNDA:2,(anonymous_1)
DA:1,1
DA:2,1
DA:3,1
DA:4,1
DA:5,1
DA:7,1
DA:8,2
DA:19,1
LF:8
LH:8
BRF:0
BRH:0
end_of_record
TN:
SF:src/ui/api/createOrder.ts
FNF:0
FNH:0
DA:1,1
DA:3,1
LF:2
LH:2
BRF:0
BRH:0
end_of_record
TN:
SF:src/ui/api/fetchStock.ts
FNF:0
FNH:0
DA:1,1
DA:3,1
LF:2
LH:2
BRF:0
BRH:0
end_of_record
TN:
SF:src/ui/components/mulecules/AppDrawer.tsx
FN:27,(anonymous_7)
FN:36,(anonymous_8)
FN:48,(anonymous_9)
FN:62,(anonymous_10)
FN:63,(anonymous_11)
FN:80,(anonymous_12)
FN:81,(anonymous_13)
FN:100,AppDrawer
FN:104,(anonymous_15)
FNF:9
FNH:9
FNDA:2,(anonymous_7)
FNDA:6,(anonymous_8)
FNDA:8,(anonymous_9)
FNDA:14,(anonymous_10)
FNDA:4,(anonymous_11)
FNDA:14,(anonymous_12)
FNDA:4,(anonymous_13)
FNDA:4,AppDrawer
FNDA:1,(anonymous_15)
DA:3,2
DA:4,2
DA:5,2
DA:6,2
DA:7,2
DA:8,2
DA:9,2
DA:10,2
DA:11,2
DA:12,2
DA:13,2
DA:14,2
DA:15,2
DA:17,2
DA:18,2
DA:19,2
DA:20,2
DA:22,2
DA:23,2
DA:25,2
DA:27,2
DA:36,6
DA:48,8
DA:61,2
DA:62,14
DA:63,4
DA:79,2
DA:80,14
DA:81,4
DA:100,2
DA:101,4
DA:102,4
DA:104,4
DA:105,1
DA:108,4
LF:35
LH:35
BRDA:69,0,0,4
BRDA:69,0,1,1
BRDA:86,1,0,4
BRDA:86,1,1,1
BRDA:90,2,0,4
BRDA:90,2,1,3
BRDA:121,3,0,4
BRDA:121,3,1,1
BRF:8
BRH:8
end_of_record
TN:
SF:src/ui/components/pages/Home.tsx
FN:4,(anonymous_1)
FNF:1
FNH:1
FNDA:2,(anonymous_1)
DA:1,1
DA:2,1
DA:4,1
DA:5,2
DA:11,1
LF:5
LH:5
BRF:0
BRH:0
end_of_record
TN:
SF:src/ui/components/pages/Order.tsx
FN:20,(anonymous_7)
FN:30,(anonymous_8)
FN:37,(anonymous_9)
FN:45,(anonymous_10)
FN:53,(anonymous_11)
FN:60,(anonymous_12)
FN:68,(anonymous_13)
FN:76,(anonymous_14)
FN:85,(anonymous_15)
FN:120,(anonymous_16)
FN:146,(anonymous_17)
FN:149,(anonymous_18)
FN:209,(anonymous_19)
FNF:13
FNH:4
FNDA:1,(anonymous_7)
FNDA:0,(anonymous_8)
FNDA:0,(anonymous_9)
FNDA:0,(anonymous_10)
FNDA:0,(anonymous_11)
FNDA:0,(anonymous_12)
FNDA:0,(anonymous_13)
FNDA:1,(anonymous_14)
FNDA:1,(anonymous_15)
FNDA:0,(anonymous_16)
FNDA:0,(anonymous_17)
FNDA:5,(anonymous_18)
FNDA:0,(anonymous_19)
DA:1,1
DA:2,1
DA:3,1
DA:4,1
DA:5,1
DA:6,1
DA:7,1
DA:8,1
DA:9,1
DA:10,1
DA:11,1
DA:12,1
DA:13,1
DA:14,1
DA:15,1
DA:17,1
DA:18,1
DA:20,1
DA:21,1
DA:22,1
DA:23,1
DA:26,1
DA:30,1
DA:34,0
DA:37,1
DA:40,0
DA:45,1
DA:46,0
DA:47,0
DA:48,0
DA:49,0
DA:53,1
DA:57,0
DA:60,1
DA:63,0
DA:68,1
DA:69,0
DA:70,0
DA:71,0
DA:72,0
DA:76,1
DA:77,1
DA:78,0
DA:79,0
DA:80,0
DA:84,1
DA:86,1
DA:94,1
DA:107,1
DA:120,1
DA:121,0
DA:124,1
DA:125,0
DA:131,1
DA:132,0
DA:135,1
DA:147,0
DA:150,5
DA:209,0
DA:222,1
LF:60
LH:40
BRDA:41,0,0,0
BRDA:41,0,1,0
BRDA:46,1,0,0
BRDA:46,1,1,0
BRDA:48,2,0,0
BRDA:48,3,0,0
BRDA:48,3,1,0
BRDA:48,4,0,0
BRDA:48,4,1,0
BRDA:48,5,0,0
BRDA:48,5,1,0
BRDA:48,6,0,0
BRDA:48,6,1,0
BRDA:49,7,0,0
BRDA:49,7,1,0
BRDA:49,8,0,0
BRDA:49,8,1,0
BRDA:49,9,0,0
BRDA:49,9,1,0
BRDA:49,10,0,0
BRDA:49,10,1,0
BRDA:64,11,0,0
BRDA:64,11,1,0
BRDA:69,12,0,0
BRDA:69,12,1,0
BRDA:71,13,0,0
BRDA:71,14,0,0
BRDA:71,14,1,0
BRDA:71,15,0,0
BRDA:71,15,1,0
BRDA:71,16,0,0
BRDA:71,16,1,0
BRDA:71,17,0,0
BRDA:71,17,1,0
BRDA:72,18,0,0
BRDA:72,18,1,0
BRDA:72,19,0,0
BRDA:72,19,1,0
BRDA:72,20,0,0
BRDA:72,20,1,0
BRDA:72,21,0,0
BRDA:72,21,1,0
BRDA:77,22,0,0
BRDA:77,23,0,1
BRDA:77,23,1,0
BRDA:86,24,0,0
BRDA:86,24,1,1
BRDA:86,25,0,1
BRDA:86,25,1,0
BRDA:96,26,0,0
BRDA:96,26,1,1
BRDA:96,27,0,1
BRDA:96,27,1,1
BRDA:109,28,0,0
BRDA:109,28,1,1
BRDA:109,29,0,1
BRDA:109,29,1,1
BRDA:124,30,0,0
BRDA:131,31,0,0
BRDA:166,32,0,1
BRDA:166,32,1,0
BRDA:170,33,0,0
BRDA:170,33,1,1
BRDA:170,34,0,1
BRDA:170,34,1,1
BRDA:170,35,0,0
BRDA:170,35,1,1
BRDA:170,36,0,1
BRDA:170,36,1,1
BRDA:187,37,0,1
BRDA:187,37,1,0
BRDA:191,38,0,0
BRDA:191,38,1,1
BRDA:191,39,0,1
BRDA:191,39,1,1
BRDA:191,40,0,0
BRDA:191,40,1,1
BRDA:191,41,0,1
BRDA:191,41,1,1
BRDA:209,42,0,0
BRDA:209,42,1,0
BRDA:209,43,0,0
BRDA:209,43,1,0
BRDA:209,44,0,0
BRDA:209,44,1,0
BRDA:209,45,0,0
BRDA:209,45,1,0
BRF:87
BRH:23
end_of_record
