TN:
SF:src/graphql/resolversMap.ts
FNF:0
FNH:0
DA:1,1
DA:2,1
DA:4,1
DA:5,1
LF:4
LH:4
BRF:0
BRH:0
end_of_record
TN:
SF:src/graphql/schemaMap.ts
FNF:0
FNH:0
DA:1,1
DA:2,1
DA:3,1
DA:4,1
DA:7,1
DA:11,1
DA:16,1
LF:7
LH:7
BRF:0
BRH:0
end_of_record
TN:
SF:src/graphql/resolvers/resolver.ts
FNF:0
FNH:0
DA:22,1
LF:1
LH:1
BRF:0
BRH:0
end_of_record
TN:
SF:src/server/index.ts
FN:16,(anonymous_1)
FN:18,(anonymous_2)
FNF:2
FNH:2
FNDA:1,(anonymous_1)
FNDA:1,(anonymous_2)
DA:1,1
DA:2,1
DA:3,1
DA:5,1
DA:6,1
DA:11,1
DA:12,1
DA:16,1
DA:17,1
DA:18,1
DA:19,1
DA:25,1
LF:12
LH:12
BRF:0
BRH:0
end_of_record
TN:
SF:src/ui/components/mulecules/AppDrawer.tsx
FN:28,(anonymous_7)
FN:37,(anonymous_8)
FN:49,(anonymous_9)
FN:63,(anonymous_10)
FN:64,(anonymous_11)
FN:81,(anonymous_12)
FN:82,(anonymous_13)
FN:101,AppDrawer
FN:105,(anonymous_15)
FN:109,(anonymous_16)
FNF:10
FNH:9
FNDA:2,(anonymous_7)
FNDA:2,(anonymous_8)
FNDA:4,(anonymous_9)
FNDA:7,(anonymous_10)
FNDA:2,(anonymous_11)
FNDA:7,(anonymous_12)
FNDA:2,(anonymous_13)
FNDA:2,AppDrawer
FNDA:1,(anonymous_15)
FNDA:0,(anonymous_16)
DA:3,1
DA:4,1
DA:5,1
DA:6,1
DA:7,1
DA:8,1
DA:9,1
DA:10,1
DA:11,1
DA:12,1
DA:13,1
DA:14,1
DA:15,1
DA:17,1
DA:18,1
DA:19,1
DA:20,1
DA:22,1
DA:23,1
DA:24,1
DA:26,1
DA:28,2
DA:37,2
DA:49,4
DA:62,1
DA:63,7
DA:64,2
DA:80,1
DA:81,7
DA:82,2
DA:101,1
DA:102,2
DA:103,2
DA:105,2
DA:106,1
DA:109,2
DA:110,0
DA:113,2
LF:38
LH:37
BRDA:70,0,0,2
BRDA:70,0,1,1
BRDA:87,1,0,2
BRDA:87,1,1,1
BRDA:91,2,0,2
BRDA:91,2,1,1
BRDA:126,3,0,2
BRDA:126,3,1,1
BRF:8
BRH:8
end_of_record
